No linha:1 caractere:87
+ ... m.Text.Encoding]::UTF8.GetString([Convert]::FromBase64String(cG9zdGdy ...
+                                                                  ~
')' ausente na chamada do método.
No linha:1 caractere:87
+ ... ase64String(cG9zdGdyZXNxbDovL3Bvc3RncmVzLnlycGx1dGd5ZWx0c2ZuYWZlY3FwO ...
+                 ~~~~~~~~~~~~~~~~~~~~~~~~~~~~~~~~~~~~~~~~~~~~~~~~~~~~~~~~~
Token 'cG9zdGdyZXNxbDovL3Bvc3RncmVzLnlycGx1dGd5ZWx0c2ZuYWZlY3FwOkRhcmtoYXZlbjAxMDJAYXdzLTEtc2EtZWFzdC0xLnBvb2xlci5zdXBh
YmFzZS5jb206NjU0My9wb3N0Z3Jlcz9zc2xtb2RlPXJlcXVpcmU=' inesperado na expressão ou instrução.
No linha:1 caractere:251
+ ... ci5zdXBhYmFzZS5jb206NjU0My9wb3N0Z3Jlcz9zc2xtb2RlPXJlcXVpcmU=)); SELEC ...
+                                                                 ~
Token ')' inesperado na expressão ou instrução.
No linha:1 caractere:252
+ ... i5zdXBhYmFzZS5jb206NjU0My9wb3N0Z3Jlcz9zc2xtb2RlPXJlcXVpcmU=)); SELECT ...
+                                                                 ~
Token ')' inesperado na expressão ou instrução.
No linha:1 caractere:265
+ ... 5jb206NjU0My9wb3N0Z3Jlcz9zc2xtb2RlPXJlcXVpcmU=)); SELECT 1; | npx pri ...
+                                                                 ~
Um elemento pipe vazio não é permitido.
    + CategoryInfo          : ParserError: (:) [], ParentContainsErrorRecordException
    + FullyQualifiedErrorId : MissingEndParenthesisInMethodCall
 
